# JRE version: Java(TM) SE Runtime Environment (7.0_55-b13) (build 1.7.0_55-b13)
# Java VM: Java HotSpot(TM) Server VM (24.55-b03 mixed mode linux-x86 )
Heap
 PSYoungGen      total 119040K, used 565K [0xa3540000, 0xab300000, 0xb3540000)
  eden space 109824K, 0% used [0xa3540000,0xa3540000,0xaa080000)
  from space 9216K, 6% used [0xaa080000,0xaa10d7b0,0xaa980000)
  to   space 9216K, 0% used [0xaa980000,0xaa980000,0xab280000)
 ParOldGen       total 68608K, used 40966K [0x83540000, 0x87840000, 0xa3540000)
  object space 68608K, 59% used [0x83540000,0x85d41bf8,0x87840000)
 PSPermGen       total 34560K, used 17802K [0x73540000, 0x75700000, 0x83540000)
  object space 34560K, 51% used [0x73540000,0x746a2940,0x75700000)
GC Heap History (10 events):
Event: 77.243 GC heap after
Heap after GC invocations=25 (full 0):
 PSYoungGen      total 97024K, used 5634K [0xa3540000, 0xa9bc0000, 0xb3540000)
  eden space 91136K, 0% used [0xa3540000,0xa3540000,0xa8e40000)
  from space 5888K, 95% used [0xa9200000,0xa97809d0,0xa97c0000)
  to   space 4096K, 0% used [0xa97c0000,0xa97c0000,0xa9bc0000)
 ParOldGen       total 43776K, used 34042K [0x83540000, 0x86000000, 0xa3540000)
  object space 43776K, 77% used [0x83540000,0x8567eb58,0x86000000)
 PSPermGen       total 32768K, used 17066K [0x73540000, 0x75540000, 0x83540000)
  object space 32768K, 52% used [0x73540000,0x745eaad8,0x75540000)
}
Event: 79.595 GC heap before
{Heap before GC invocations=26 (full 0):
 PSYoungGen      total 97024K, used 96770K [0xa3540000, 0xa9bc0000, 0xb3540000)
  eden space 91136K, 100% used [0xa3540000,0xa8e40000,0xa8e40000)
  from space 5888K, 95% used [0xa9200000,0xa97809d0,0xa97c0000)
  to   space 4096K, 0% used [0xa97c0000,0xa97c0000,0xa9bc0000)
 ParOldGen       total 43776K, used 34042K [0x83540000, 0x86000000, 0xa3540000)
  object space 43776K, 77% used [0x83540000,0x8567eb58,0x86000000)
 PSPermGen       total 32768K, used 17226K [0x73540000, 0x75540000, 0x83540000)
  object space 32768K, 52% used [0x73540000,0x746128a0,0x75540000)
Event: 79.612 GC heap after
Heap after GC invocations=26 (full 0):
 PSYoungGen      total 91392K, used 4096K [0xa3540000, 0xa9d00000, 0xb3540000)
  eden space 87296K, 0% used [0xa3540000,0xa3540000,0xa8a80000)
  from space 4096K, 100% used [0xa97c0000,0xa9bc0000,0xa9bc0000)
  to   space 9472K, 0% used [0xa8a80000,0xa8a80000,0xa93c0000)
 ParOldGen       total 43776K, used 40620K [0x83540000, 0x86000000, 0xa3540000)
  object space 43776K, 92% used [0x83540000,0x85ceb2d0,0x86000000)
 PSPermGen       total 32768K, used 17226K [0x73540000, 0x75540000, 0x83540000)
  object space 32768K, 52% used [0x73540000,0x746128a0,0x75540000)
}
Event: 79.612 GC heap before
{Heap before GC invocations=27 (full 1):
 PSYoungGen      total 91392K, used 4096K [0xa3540000, 0xa9d00000, 0xb3540000)
  eden space 87296K, 0% used [0xa3540000,0xa3540000,0xa8a80000)
  from space 4096K, 100% used [0xa97c0000,0xa9bc0000,0xa9bc0000)
  to   space 9472K, 0% used [0xa8a80000,0xa8a80000,0xa93c0000)
 ParOldGen       total 43776K, used 40620K [0x83540000, 0x86000000, 0xa3540000)
  object space 43776K, 92% used [0x83540000,0x85ceb2d0,0x86000000)
 PSPermGen       total 32768K, used 17226K [0x73540000, 0x75540000, 0x83540000)
  object space 32768K, 52% used [0x73540000,0x746128a0,0x75540000)
Event: 80.040 GC heap after
Heap after GC invocations=27 (full 1):
 PSYoungGen      total 91392K, used 0K [0xa3540000, 0xa9d00000, 0xb3540000)
  eden space 87296K, 0% used [0xa3540000,0xa3540000,0xa8a80000)
  from space 4096K, 0% used [0xa97c0000,0xa97c0000,0xa9bc0000)
  to   space 9472K, 0% used [0xa8a80000,0xa8a80000,0xa93c0000)
 ParOldGen       total 68608K, used 39698K [0x83540000, 0x87840000, 0xa3540000)
  object space 68608K, 57% used [0x83540000,0x85c04be8,0x87840000)
 PSPermGen       total 34560K, used 17218K [0x73540000, 0x75700000, 0x83540000)
  object space 34560K, 49% used [0x73540000,0x74610be0,0x75700000)
}
Event: 88.910 GC heap before
{Heap before GC invocations=28 (full 1):
 PSYoungGen      total 91392K, used 87296K [0xa3540000, 0xa9d00000, 0xb3540000)
  eden space 87296K, 100% used [0xa3540000,0xa8a80000,0xa8a80000)
  from space 4096K, 0% used [0xa97c0000,0xa97c0000,0xa9bc0000)
  to   space 9472K, 0% used [0xa8a80000,0xa8a80000,0xa93c0000)
 ParOldGen       total 68608K, used 39698K [0x83540000, 0x87840000, 0xa3540000)
  object space 68608K, 57% used [0x83540000,0x85c04be8,0x87840000)
 PSPermGen       total 34560K, used 17596K [0x73540000, 0x75700000, 0x83540000)
  object space 34560K, 50% used [0x73540000,0x7466f2c0,0x75700000)
Event: 90.384 GC heap after
Heap after GC invocations=28 (full 1):
 PSYoungGen      total 96768K, used 1054K [0xa3540000, 0xab280000, 0xb3540000)
  eden space 87296K, 0% used [0xa3540000,0xa3540000,0xa8a80000)
  from space 9472K, 11% used [0xa8a80000,0xa8b87a08,0xa93c0000)
  to   space 9216K, 0% used [0xaa980000,0xaa980000,0xab280000)
 ParOldGen       total 68608K, used 39698K [0x83540000, 0x87840000, 0xa3540000)
  object space 68608K, 57% used [0x83540000,0x85c04be8,0x87840000)
 PSPermGen       total 34560K, used 17596K [0x73540000, 0x75700000, 0x83540000)
  object space 34560K, 50% used [0x73540000,0x7466f2c0,0x75700000)
}
Event: 92.235 GC heap before
{Heap before GC invocations=29 (full 1):
 PSYoungGen      total 96768K, used 88350K [0xa3540000, 0xab280000, 0xb3540000)
  eden space 87296K, 100% used [0xa3540000,0xa8a80000,0xa8a80000)
  from space 9472K, 11% used [0xa8a80000,0xa8b87a08,0xa93c0000)
  to   space 9216K, 0% used [0xaa980000,0xaa980000,0xab280000)
 ParOldGen       total 68608K, used 39698K [0x83540000, 0x87840000, 0xa3540000)
  object space 68608K, 57% used [0x83540000,0x85c04be8,0x87840000)
 PSPermGen       total 34560K, used 17676K [0x73540000, 0x75700000, 0x83540000)
  object space 34560K, 51% used [0x73540000,0x746830f0,0x75700000)
Event: 92.356 GC heap after
Heap after GC invocations=29 (full 1):
 PSYoungGen      total 119040K, used 776K [0xa3540000, 0xab300000, 0xb3540000)
  eden space 109824K, 0% used [0xa3540000,0xa3540000,0xaa080000)
  from space 9216K, 8% used [0xaa980000,0xaaa42390,0xab280000)
  to   space 9216K, 0% used [0xaa080000,0xaa080000,0xaa980000)
 ParOldGen       total 68608K, used 40290K [0x83540000, 0x87840000, 0xa3540000)
  object space 68608K, 58% used [0x83540000,0x85c98bf8,0x87840000)
 PSPermGen       total 34560K, used 17676K [0x73540000, 0x75700000, 0x83540000)
  object space 34560K, 51% used [0x73540000,0x746830f0,0x75700000)
}
Event: 94.574 GC heap before
{Heap before GC invocations=30 (full 1):
 PSYoungGen      total 119040K, used 110600K [0xa3540000, 0xab300000, 0xb3540000)
  eden space 109824K, 100% used [0xa3540000,0xaa080000,0xaa080000)
  from space 9216K, 8% used [0xaa980000,0xaaa42390,0xab280000)
  to   space 9216K, 0% used [0xaa080000,0xaa080000,0xaa980000)
 ParOldGen       total 68608K, used 40290K [0x83540000, 0x87840000, 0xa3540000)
  object space 68608K, 58% used [0x83540000,0x85c98bf8,0x87840000)
 PSPermGen       total 34560K, used 17802K [0x73540000, 0x75700000, 0x83540000)
  object space 34560K, 51% used [0x73540000,0x746a2940,0x75700000)

